Arguments: 
  C:\Program Files\nodejs\node.exe C:\Program Files (x86)\Yarn\bin\yarn.js add mobx

PATH: 
  C:\Python27\;C:\Python27\Scripts;C:\WINDOWS\system32;C:\WINDOWS;C:\WINDOWS\System32\Wbem;C:\WINDOWS\System32\WindowsPowerShell\v1.0\;C:\ProgramData\chocolatey\bin;C:\Program Files\Java\jdk1.8.0_152\bin;C:\Users\Escaray\AppData\Local\Microsoft\WindowsApps;C:\Users\Escaray\AppData\Local\Yarn\bin;C:\Users\Escaray\AppData\Roaming\npm;C:\adb;C:\Program Files\Git\cmd;C:\Program Files (x86)\Yarn\bin\;%NVM_HOME%;%NVM_SYMLINK%;C:\Users\Escaray\AppData\Local\Programs\Python\Python36-32\Scripts\;C:\Users\Escaray\AppData\Local\Programs\Python\Python36-32\;C:\Users\Escaray\AppData\Local\Microsoft\WindowsApps;C:\Users\Escaray\AppData\Local\Yarn\bin;C:\Users\Escaray\AppData\Roaming\npm;C:\Users\Escaray\AppData\Roaming\nvm;C:\Program Files\nodejs

Yarn version: 
  1.6.0

Node version: 
  8.11.1

Platform: 
  win32 x64

Trace: 
  Error: UNKNOWN: unknown error, unlink 'C:\Users\Escaray\AppData\Local\Yarn\Cache\v1\npm-fbjs-0.8.12-10b5d92f76d45575fd63a217d4ea02bea2f8ed04\.yarn-metadata.json'

npm manifest: 
  {
    "name": "wilson-hotel",
    "version": "0.0.0",
    "description": "Hello Expo!",
    "author": null,
    "private": true,
    "main": "node_modules/expo/AppEntry.js",
    "dependencies": {
      "expo": "^18.0.4",
      "firebase": "^4.1.3",
      "lodash": "^4.17.4",
      "moment": "^2.18.1",
      "react": "16.0.0-alpha.12",
      "react-native": "https://github.com/expo/react-native/archive/sdk-18.0.1.tar.gz",
      "react-native-chooser": "^1.5.3",
      "react-native-communications": "^2.2.1",
      "react-native-datepicker": "^1.6.0",
      "react-native-elements": "^0.13.0",
      "react-navigation": "^1.0.0-beta.11",
      "react-redux": "^5.0.5",
      "redux": "^3.7.1",
      "redux-thunk": "^2.2.0"
    },
    "devDependencies": {
      "eslint-config-rallycoding": "^3.2.0"
    }
  }

yarn manifest: 
  No manifest

Lockfile: 
  No lockfile
